{"timestamp": "2026-04-09T22:58:26.056852", "level": "INFO", "logger": "etl_pipeline", "message": "🚀 Iniciando Proceso ETL de Alta Volumetría", "module": "(unknown file)", "function": null, "line": 0}
{"timestamp": "2026-04-09T22:58:26.057050", "level": "INFO", "logger": "etl_pipeline", "message": "Cargando maestros de Clientes y Productos...", "module": "(unknown file)", "function": null, "line": 0}
{"timestamp": "2026-04-09T22:58:26.104629", "level": "INFO", "logger": "etl_pipeline", "message": "Iniciando ejecución del Pipeline para: data/raw/transacciones.csv", "module": "(unknown file)", "function": null, "line": 0}
{"timestamp": "2026-04-09T22:58:26.104801", "level": "INFO", "logger": "etl_pipeline", "message": "Iniciando extracción por chunks", "module": "(unknown file)", "function": null, "line": 0, "file_path": "data/raw/transacciones.csv", "chunk_size": 100000}
{"timestamp": "2026-04-09T22:58:26.262881", "level": "INFO", "logger": "etl_pipeline", "message": "Chunk cargado a memoria", "module": "(unknown file)", "function": null, "line": 0, "index": 0, "rows": 100000}
{"timestamp": "2026-04-09T22:58:26.263026", "level": "INFO", "logger": "etl_pipeline", "message": "--- Procesando Bloque 0 ---", "module": "(unknown file)", "function": null, "line": 0}
{"timestamp": "2026-04-09T22:58:42.435890", "level": "INFO", "logger": "etl_pipeline", "message": "Realizando joins enriquecidos", "module": "(unknown file)", "function": null, "line": 0}
{"timestamp": "2026-04-09T22:58:42.508997", "level": "INFO", "logger": "etl_pipeline", "message": "Calculando métricas de comportamiento", "module": "(unknown file)", "function": null, "line": 0}
{"timestamp": "2026-04-09T22:58:44.232341", "level": "INFO", "logger": "etl_pipeline", "message": "Detección de Delta finalizada", "module": "(unknown file)", "function": null, "line": 0, "total_recibido": 100000, "nuevos_detectados": 0, "omitidos": 100000}
{"timestamp": "2026-04-09T22:58:44.238717", "level": "INFO", "logger": "etl_pipeline", "message": "⏩ Bloque 0 omitido (todos los registros ya existen).", "module": "(unknown file)", "function": null, "line": 0}
{"timestamp": "2026-04-09T22:58:44.391252", "level": "INFO", "logger": "etl_pipeline", "message": "Chunk cargado a memoria", "module": "(unknown file)", "function": null, "line": 0, "index": 1, "rows": 100000}
{"timestamp": "2026-04-09T22:58:44.395507", "level": "INFO", "logger": "etl_pipeline", "message": "--- Procesando Bloque 1 ---", "module": "(unknown file)", "function": null, "line": 0}
{"timestamp": "2026-04-09T22:59:00.789700", "level": "INFO", "logger": "etl_pipeline", "message": "Realizando joins enriquecidos", "module": "(unknown file)", "function": null, "line": 0}
{"timestamp": "2026-04-09T22:59:00.861698", "level": "INFO", "logger": "etl_pipeline", "message": "Calculando métricas de comportamiento", "module": "(unknown file)", "function": null, "line": 0}
{"timestamp": "2026-04-09T22:59:01.909793", "level": "INFO", "logger": "etl_pipeline", "message": "Detección de Delta finalizada", "module": "(unknown file)", "function": null, "line": 0, "total_recibido": 100000, "nuevos_detectados": 0, "omitidos": 100000}
{"timestamp": "2026-04-09T22:59:01.915300", "level": "INFO", "logger": "etl_pipeline", "message": "⏩ Bloque 1 omitido (todos los registros ya existen).", "module": "(unknown file)", "function": null, "line": 0}
{"timestamp": "2026-04-09T22:59:02.068868", "level": "INFO", "logger": "etl_pipeline", "message": "Chunk cargado a memoria", "module": "(unknown file)", "function": null, "line": 0, "index": 2, "rows": 100000}
{"timestamp": "2026-04-09T22:59:02.072479", "level": "INFO", "logger": "etl_pipeline", "message": "--- Procesando Bloque 2 ---", "module": "(unknown file)", "function": null, "line": 0}
{"timestamp": "2026-04-09T22:59:18.343015", "level": "INFO", "logger": "etl_pipeline", "message": "Realizando joins enriquecidos", "module": "(unknown file)", "function": null, "line": 0}
{"timestamp": "2026-04-09T22:59:18.416115", "level": "INFO", "logger": "etl_pipeline", "message": "Calculando métricas de comportamiento", "module": "(unknown file)", "function": null, "line": 0}
{"timestamp": "2026-04-09T22:59:19.667576", "level": "INFO", "logger": "etl_pipeline", "message": "Detección de Delta finalizada", "module": "(unknown file)", "function": null, "line": 0, "total_recibido": 100000, "nuevos_detectados": 0, "omitidos": 100000}
{"timestamp": "2026-04-09T22:59:19.672243", "level": "INFO", "logger": "etl_pipeline", "message": "⏩ Bloque 2 omitido (todos los registros ya existen).", "module": "(unknown file)", "function": null, "line": 0}
{"timestamp": "2026-04-09T22:59:19.828324", "level": "INFO", "logger": "etl_pipeline", "message": "Chunk cargado a memoria", "module": "(unknown file)", "function": null, "line": 0, "index": 3, "rows": 100000}
{"timestamp": "2026-04-09T22:59:19.832186", "level": "INFO", "logger": "etl_pipeline", "message": "--- Procesando Bloque 3 ---", "module": "(unknown file)", "function": null, "line": 0}
{"timestamp": "2026-04-09T22:59:36.159280", "level": "INFO", "logger": "etl_pipeline", "message": "Realizando joins enriquecidos", "module": "(unknown file)", "function": null, "line": 0}
{"timestamp": "2026-04-09T22:59:36.231478", "level": "INFO", "logger": "etl_pipeline", "message": "Calculando métricas de comportamiento", "module": "(unknown file)", "function": null, "line": 0}
{"timestamp": "2026-04-09T22:59:37.341029", "level": "INFO", "logger": "etl_pipeline", "message": "Detección de Delta finalizada", "module": "(unknown file)", "function": null, "line": 0, "total_recibido": 100000, "nuevos_detectados": 0, "omitidos": 100000}
{"timestamp": "2026-04-09T22:59:37.345689", "level": "INFO", "logger": "etl_pipeline", "message": "⏩ Bloque 3 omitido (todos los registros ya existen).", "module": "(unknown file)", "function": null, "line": 0}
{"timestamp": "2026-04-09T22:59:37.500214", "level": "INFO", "logger": "etl_pipeline", "message": "Chunk cargado a memoria", "module": "(unknown file)", "function": null, "line": 0, "index": 4, "rows": 100000}
{"timestamp": "2026-04-09T22:59:37.504102", "level": "INFO", "logger": "etl_pipeline", "message": "--- Procesando Bloque 4 ---", "module": "(unknown file)", "function": null, "line": 0}
{"timestamp": "2026-04-09T22:59:54.253449", "level": "INFO", "logger": "etl_pipeline", "message": "Realizando joins enriquecidos", "module": "(unknown file)", "function": null, "line": 0}
{"timestamp": "2026-04-09T22:59:54.325747", "level": "INFO", "logger": "etl_pipeline", "message": "Calculando métricas de comportamiento", "module": "(unknown file)", "function": null, "line": 0}
{"timestamp": "2026-04-09T22:59:55.453331", "level": "INFO", "logger": "etl_pipeline", "message": "Detección de Delta finalizada", "module": "(unknown file)", "function": null, "line": 0, "total_recibido": 100000, "nuevos_detectados": 0, "omitidos": 100000}
{"timestamp": "2026-04-09T22:59:55.458801", "level": "INFO", "logger": "etl_pipeline", "message": "⏩ Bloque 4 omitido (todos los registros ya existen).", "module": "(unknown file)", "function": null, "line": 0}
{"timestamp": "2026-04-09T22:59:55.605560", "level": "INFO", "logger": "etl_pipeline", "message": "Chunk cargado a memoria", "module": "(unknown file)", "function": null, "line": 0, "index": 5, "rows": 100000}
{"timestamp": "2026-04-09T22:59:55.609134", "level": "INFO", "logger": "etl_pipeline", "message": "--- Procesando Bloque 5 ---", "module": "(unknown file)", "function": null, "line": 0}
{"timestamp": "2026-04-09T23:00:12.098330", "level": "INFO", "logger": "etl_pipeline", "message": "Realizando joins enriquecidos", "module": "(unknown file)", "function": null, "line": 0}
{"timestamp": "2026-04-09T23:00:12.170834", "level": "INFO", "logger": "etl_pipeline", "message": "Calculando métricas de comportamiento", "module": "(unknown file)", "function": null, "line": 0}
{"timestamp": "2026-04-09T23:00:13.256194", "level": "INFO", "logger": "etl_pipeline", "message": "Detección de Delta finalizada", "module": "(unknown file)", "function": null, "line": 0, "total_recibido": 100000, "nuevos_detectados": 0, "omitidos": 100000}
{"timestamp": "2026-04-09T23:00:13.262509", "level": "INFO", "logger": "etl_pipeline", "message": "⏩ Bloque 5 omitido (todos los registros ya existen).", "module": "(unknown file)", "function": null, "line": 0}
{"timestamp": "2026-04-09T23:00:13.412590", "level": "INFO", "logger": "etl_pipeline", "message": "Chunk cargado a memoria", "module": "(unknown file)", "function": null, "line": 0, "index": 6, "rows": 100000}
{"timestamp": "2026-04-09T23:00:13.415966", "level": "INFO", "logger": "etl_pipeline", "message": "--- Procesando Bloque 6 ---", "module": "(unknown file)", "function": null, "line": 0}
{"timestamp": "2026-04-09T23:00:31.334651", "level": "INFO", "logger": "etl_pipeline", "message": "Realizando joins enriquecidos", "module": "(unknown file)", "function": null, "line": 0}
{"timestamp": "2026-04-09T23:00:31.414350", "level": "INFO", "logger": "etl_pipeline", "message": "Calculando métricas de comportamiento", "module": "(unknown file)", "function": null, "line": 0}
{"timestamp": "2026-04-09T23:00:32.563031", "level": "INFO", "logger": "etl_pipeline", "message": "Detección de Delta finalizada", "module": "(unknown file)", "function": null, "line": 0, "total_recibido": 100000, "nuevos_detectados": 0, "omitidos": 100000}
{"timestamp": "2026-04-09T23:00:32.567275", "level": "INFO", "logger": "etl_pipeline", "message": "⏩ Bloque 6 omitido (todos los registros ya existen).", "module": "(unknown file)", "function": null, "line": 0}
{"timestamp": "2026-04-09T23:00:32.709990", "level": "INFO", "logger": "etl_pipeline", "message": "Chunk cargado a memoria", "module": "(unknown file)", "function": null, "line": 0, "index": 7, "rows": 100000}
{"timestamp": "2026-04-09T23:00:32.713504", "level": "INFO", "logger": "etl_pipeline", "message": "--- Procesando Bloque 7 ---", "module": "(unknown file)", "function": null, "line": 0}
{"timestamp": "2026-04-09T23:00:49.462632", "level": "INFO", "logger": "etl_pipeline", "message": "Realizando joins enriquecidos", "module": "(unknown file)", "function": null, "line": 0}
{"timestamp": "2026-04-09T23:00:49.536025", "level": "INFO", "logger": "etl_pipeline", "message": "Calculando métricas de comportamiento", "module": "(unknown file)", "function": null, "line": 0}
{"timestamp": "2026-04-09T23:00:50.683191", "level": "INFO", "logger": "etl_pipeline", "message": "Detección de Delta finalizada", "module": "(unknown file)", "function": null, "line": 0, "total_recibido": 100000, "nuevos_detectados": 0, "omitidos": 100000}
{"timestamp": "2026-04-09T23:00:50.688952", "level": "INFO", "logger": "etl_pipeline", "message": "⏩ Bloque 7 omitido (todos los registros ya existen).", "module": "(unknown file)", "function": null, "line": 0}
{"timestamp": "2026-04-09T23:00:50.834651", "level": "INFO", "logger": "etl_pipeline", "message": "Chunk cargado a memoria", "module": "(unknown file)", "function": null, "line": 0, "index": 8, "rows": 100000}
{"timestamp": "2026-04-09T23:00:50.838480", "level": "INFO", "logger": "etl_pipeline", "message": "--- Procesando Bloque 8 ---", "module": "(unknown file)", "function": null, "line": 0}
{"timestamp": "2026-04-09T23:01:07.245388", "level": "INFO", "logger": "etl_pipeline", "message": "Realizando joins enriquecidos", "module": "(unknown file)", "function": null, "line": 0}
{"timestamp": "2026-04-09T23:01:07.319270", "level": "INFO", "logger": "etl_pipeline", "message": "Calculando métricas de comportamiento", "module": "(unknown file)", "function": null, "line": 0}
{"timestamp": "2026-04-09T23:01:08.443219", "level": "INFO", "logger": "etl_pipeline", "message": "Detección de Delta finalizada", "module": "(unknown file)", "function": null, "line": 0, "total_recibido": 100000, "nuevos_detectados": 0, "omitidos": 100000}
{"timestamp": "2026-04-09T23:01:08.448209", "level": "INFO", "logger": "etl_pipeline", "message": "⏩ Bloque 8 omitido (todos los registros ya existen).", "module": "(unknown file)", "function": null, "line": 0}
{"timestamp": "2026-04-09T23:01:08.597570", "level": "INFO", "logger": "etl_pipeline", "message": "Chunk cargado a memoria", "module": "(unknown file)", "function": null, "line": 0, "index": 9, "rows": 100000}
{"timestamp": "2026-04-09T23:01:08.601110", "level": "INFO", "logger": "etl_pipeline", "message": "--- Procesando Bloque 9 ---", "module": "(unknown file)", "function": null, "line": 0}
{"timestamp": "2026-04-09T23:01:24.705230", "level": "INFO", "logger": "etl_pipeline", "message": "Realizando joins enriquecidos", "module": "(unknown file)", "function": null, "line": 0}
{"timestamp": "2026-04-09T23:01:24.773684", "level": "INFO", "logger": "etl_pipeline", "message": "Calculando métricas de comportamiento", "module": "(unknown file)", "function": null, "line": 0}
{"timestamp": "2026-04-09T23:01:25.893085", "level": "INFO", "logger": "etl_pipeline", "message": "Detección de Delta finalizada", "module": "(unknown file)", "function": null, "line": 0, "total_recibido": 100000, "nuevos_detectados": 0, "omitidos": 100000}
{"timestamp": "2026-04-09T23:01:25.897596", "level": "INFO", "logger": "etl_pipeline", "message": "⏩ Bloque 9 omitido (todos los registros ya existen).", "module": "(unknown file)", "function": null, "line": 0}
{"timestamp": "2026-04-09T23:01:26.048929", "level": "INFO", "logger": "etl_pipeline", "message": "Chunk cargado a memoria", "module": "(unknown file)", "function": null, "line": 0, "index": 10, "rows": 100000}
{"timestamp": "2026-04-09T23:01:26.053156", "level": "INFO", "logger": "etl_pipeline", "message": "--- Procesando Bloque 10 ---", "module": "(unknown file)", "function": null, "line": 0}
{"timestamp": "2026-04-09T23:01:42.128717", "level": "INFO", "logger": "etl_pipeline", "message": "Realizando joins enriquecidos", "module": "(unknown file)", "function": null, "line": 0}
{"timestamp": "2026-04-09T23:01:42.202001", "level": "INFO", "logger": "etl_pipeline", "message": "Calculando métricas de comportamiento", "module": "(unknown file)", "function": null, "line": 0}
{"timestamp": "2026-04-09T23:01:43.320977", "level": "INFO", "logger": "etl_pipeline", "message": "Detección de Delta finalizada", "module": "(unknown file)", "function": null, "line": 0, "total_recibido": 100000, "nuevos_detectados": 0, "omitidos": 100000}
{"timestamp": "2026-04-09T23:01:43.325389", "level": "INFO", "logger": "etl_pipeline", "message": "⏩ Bloque 10 omitido (todos los registros ya existen).", "module": "(unknown file)", "function": null, "line": 0}
{"timestamp": "2026-04-09T23:01:43.475033", "level": "INFO", "logger": "etl_pipeline", "message": "Chunk cargado a memoria", "module": "(unknown file)", "function": null, "line": 0, "index": 11, "rows": 100000}
{"timestamp": "2026-04-09T23:01:43.478174", "level": "INFO", "logger": "etl_pipeline", "message": "--- Procesando Bloque 11 ---", "module": "(unknown file)", "function": null, "line": 0}
{"timestamp": "2026-04-09T23:01:59.796804", "level": "INFO", "logger": "etl_pipeline", "message": "Realizando joins enriquecidos", "module": "(unknown file)", "function": null, "line": 0}
{"timestamp": "2026-04-09T23:01:59.867522", "level": "INFO", "logger": "etl_pipeline", "message": "Calculando métricas de comportamiento", "module": "(unknown file)", "function": null, "line": 0}
{"timestamp": "2026-04-09T23:02:00.996814", "level": "INFO", "logger": "etl_pipeline", "message": "Detección de Delta finalizada", "module": "(unknown file)", "function": null, "line": 0, "total_recibido": 100000, "nuevos_detectados": 0, "omitidos": 100000}
{"timestamp": "2026-04-09T23:02:01.001344", "level": "INFO", "logger": "etl_pipeline", "message": "⏩ Bloque 11 omitido (todos los registros ya existen).", "module": "(unknown file)", "function": null, "line": 0}
{"timestamp": "2026-04-09T23:02:01.156692", "level": "INFO", "logger": "etl_pipeline", "message": "Chunk cargado a memoria", "module": "(unknown file)", "function": null, "line": 0, "index": 12, "rows": 100000}
{"timestamp": "2026-04-09T23:02:01.160421", "level": "INFO", "logger": "etl_pipeline", "message": "--- Procesando Bloque 12 ---", "module": "(unknown file)", "function": null, "line": 0}
{"timestamp": "2026-04-09T23:02:17.576175", "level": "INFO", "logger": "etl_pipeline", "message": "Realizando joins enriquecidos", "module": "(unknown file)", "function": null, "line": 0}
{"timestamp": "2026-04-09T23:02:17.651514", "level": "INFO", "logger": "etl_pipeline", "message": "Calculando métricas de comportamiento", "module": "(unknown file)", "function": null, "line": 0}
{"timestamp": "2026-04-09T23:02:18.788521", "level": "INFO", "logger": "etl_pipeline", "message": "Detección de Delta finalizada", "module": "(unknown file)", "function": null, "line": 0, "total_recibido": 100000, "nuevos_detectados": 0, "omitidos": 100000}
{"timestamp": "2026-04-09T23:02:18.792870", "level": "INFO", "logger": "etl_pipeline", "message": "⏩ Bloque 12 omitido (todos los registros ya existen).", "module": "(unknown file)", "function": null, "line": 0}
{"timestamp": "2026-04-09T23:02:18.943992", "level": "INFO", "logger": "etl_pipeline", "message": "Chunk cargado a memoria", "module": "(unknown file)", "function": null, "line": 0, "index": 13, "rows": 100000}
{"timestamp": "2026-04-09T23:02:18.948061", "level": "INFO", "logger": "etl_pipeline", "message": "--- Procesando Bloque 13 ---", "module": "(unknown file)", "function": null, "line": 0}
{"timestamp": "2026-04-09T23:02:35.470508", "level": "INFO", "logger": "etl_pipeline", "message": "Realizando joins enriquecidos", "module": "(unknown file)", "function": null, "line": 0}
{"timestamp": "2026-04-09T23:02:35.542731", "level": "INFO", "logger": "etl_pipeline", "message": "Calculando métricas de comportamiento", "module": "(unknown file)", "function": null, "line": 0}
{"timestamp": "2026-04-09T23:02:36.670493", "level": "INFO", "logger": "etl_pipeline", "message": "Detección de Delta finalizada", "module": "(unknown file)", "function": null, "line": 0, "total_recibido": 100000, "nuevos_detectados": 0, "omitidos": 100000}
{"timestamp": "2026-04-09T23:02:36.675989", "level": "INFO", "logger": "etl_pipeline", "message": "⏩ Bloque 13 omitido (todos los registros ya existen).", "module": "(unknown file)", "function": null, "line": 0}
{"timestamp": "2026-04-09T23:02:36.832377", "level": "INFO", "logger": "etl_pipeline", "message": "Chunk cargado a memoria", "module": "(unknown file)", "function": null, "line": 0, "index": 14, "rows": 100000}
{"timestamp": "2026-04-09T23:02:36.835875", "level": "INFO", "logger": "etl_pipeline", "message": "--- Procesando Bloque 14 ---", "module": "(unknown file)", "function": null, "line": 0}
{"timestamp": "2026-04-09T23:02:53.345354", "level": "INFO", "logger": "etl_pipeline", "message": "Realizando joins enriquecidos", "module": "(unknown file)", "function": null, "line": 0}
{"timestamp": "2026-04-09T23:02:53.421401", "level": "INFO", "logger": "etl_pipeline", "message": "Calculando métricas de comportamiento", "module": "(unknown file)", "function": null, "line": 0}
{"timestamp": "2026-04-09T23:02:54.504321", "level": "INFO", "logger": "etl_pipeline", "message": "Detección de Delta finalizada", "module": "(unknown file)", "function": null, "line": 0, "total_recibido": 100000, "nuevos_detectados": 0, "omitidos": 100000}
{"timestamp": "2026-04-09T23:02:54.510799", "level": "INFO", "logger": "etl_pipeline", "message": "⏩ Bloque 14 omitido (todos los registros ya existen).", "module": "(unknown file)", "function": null, "line": 0}
{"timestamp": "2026-04-09T23:02:54.655109", "level": "INFO", "logger": "etl_pipeline", "message": "Chunk cargado a memoria", "module": "(unknown file)", "function": null, "line": 0, "index": 15, "rows": 100000}
{"timestamp": "2026-04-09T23:02:54.658426", "level": "INFO", "logger": "etl_pipeline", "message": "--- Procesando Bloque 15 ---", "module": "(unknown file)", "function": null, "line": 0}
{"timestamp": "2026-04-09T23:03:11.341075", "level": "INFO", "logger": "etl_pipeline", "message": "Realizando joins enriquecidos", "module": "(unknown file)", "function": null, "line": 0}
{"timestamp": "2026-04-09T23:03:11.412993", "level": "INFO", "logger": "etl_pipeline", "message": "Calculando métricas de comportamiento", "module": "(unknown file)", "function": null, "line": 0}
{"timestamp": "2026-04-09T23:03:12.516235", "level": "INFO", "logger": "etl_pipeline", "message": "Detección de Delta finalizada", "module": "(unknown file)", "function": null, "line": 0, "total_recibido": 100000, "nuevos_detectados": 0, "omitidos": 100000}
{"timestamp": "2026-04-09T23:03:12.521925", "level": "INFO", "logger": "etl_pipeline", "message": "⏩ Bloque 15 omitido (todos los registros ya existen).", "module": "(unknown file)", "function": null, "line": 0}
{"timestamp": "2026-04-09T23:03:12.670287", "level": "INFO", "logger": "etl_pipeline", "message": "Chunk cargado a memoria", "module": "(unknown file)", "function": null, "line": 0, "index": 16, "rows": 100000}
{"timestamp": "2026-04-09T23:03:12.673561", "level": "INFO", "logger": "etl_pipeline", "message": "--- Procesando Bloque 16 ---", "module": "(unknown file)", "function": null, "line": 0}
{"timestamp": "2026-04-09T23:03:31.537608", "level": "INFO", "logger": "etl_pipeline", "message": "Realizando joins enriquecidos", "module": "(unknown file)", "function": null, "line": 0}
{"timestamp": "2026-04-09T23:03:31.611169", "level": "INFO", "logger": "etl_pipeline", "message": "Calculando métricas de comportamiento", "module": "(unknown file)", "function": null, "line": 0}
{"timestamp": "2026-04-09T23:03:32.709429", "level": "INFO", "logger": "etl_pipeline", "message": "Detección de Delta finalizada", "module": "(unknown file)", "function": null, "line": 0, "total_recibido": 100000, "nuevos_detectados": 0, "omitidos": 100000}
{"timestamp": "2026-04-09T23:03:32.715571", "level": "INFO", "logger": "etl_pipeline", "message": "⏩ Bloque 16 omitido (todos los registros ya existen).", "module": "(unknown file)", "function": null, "line": 0}
{"timestamp": "2026-04-09T23:03:32.865751", "level": "INFO", "logger": "etl_pipeline", "message": "Chunk cargado a memoria", "module": "(unknown file)", "function": null, "line": 0, "index": 17, "rows": 100000}
{"timestamp": "2026-04-09T23:03:32.869202", "level": "INFO", "logger": "etl_pipeline", "message": "--- Procesando Bloque 17 ---", "module": "(unknown file)", "function": null, "line": 0}
{"timestamp": "2026-04-09T23:03:48.961578", "level": "INFO", "logger": "etl_pipeline", "message": "Realizando joins enriquecidos", "module": "(unknown file)", "function": null, "line": 0}
{"timestamp": "2026-04-09T23:03:49.034340", "level": "INFO", "logger": "etl_pipeline", "message": "Calculando métricas de comportamiento", "module": "(unknown file)", "function": null, "line": 0}
{"timestamp": "2026-04-09T23:03:50.128730", "level": "INFO", "logger": "etl_pipeline", "message": "Detección de Delta finalizada", "module": "(unknown file)", "function": null, "line": 0, "total_recibido": 100000, "nuevos_detectados": 0, "omitidos": 100000}
{"timestamp": "2026-04-09T23:03:50.133478", "level": "INFO", "logger": "etl_pipeline", "message": "⏩ Bloque 17 omitido (todos los registros ya existen).", "module": "(unknown file)", "function": null, "line": 0}
{"timestamp": "2026-04-09T23:03:50.280626", "level": "INFO", "logger": "etl_pipeline", "message": "Chunk cargado a memoria", "module": "(unknown file)", "function": null, "line": 0, "index": 18, "rows": 100000}
{"timestamp": "2026-04-09T23:03:50.284035", "level": "INFO", "logger": "etl_pipeline", "message": "--- Procesando Bloque 18 ---", "module": "(unknown file)", "function": null, "line": 0}
{"timestamp": "2026-04-09T23:04:06.267158", "level": "INFO", "logger": "etl_pipeline", "message": "Realizando joins enriquecidos", "module": "(unknown file)", "function": null, "line": 0}
{"timestamp": "2026-04-09T23:04:06.340160", "level": "INFO", "logger": "etl_pipeline", "message": "Calculando métricas de comportamiento", "module": "(unknown file)", "function": null, "line": 0}
{"timestamp": "2026-04-09T23:04:07.442318", "level": "INFO", "logger": "etl_pipeline", "message": "Detección de Delta finalizada", "module": "(unknown file)", "function": null, "line": 0, "total_recibido": 100000, "nuevos_detectados": 0, "omitidos": 100000}
{"timestamp": "2026-04-09T23:04:07.447505", "level": "INFO", "logger": "etl_pipeline", "message": "⏩ Bloque 18 omitido (todos los registros ya existen).", "module": "(unknown file)", "function": null, "line": 0}
{"timestamp": "2026-04-09T23:04:07.592825", "level": "INFO", "logger": "etl_pipeline", "message": "Chunk cargado a memoria", "module": "(unknown file)", "function": null, "line": 0, "index": 19, "rows": 100000}
{"timestamp": "2026-04-09T23:04:07.597238", "level": "INFO", "logger": "etl_pipeline", "message": "--- Procesando Bloque 19 ---", "module": "(unknown file)", "function": null, "line": 0}
{"timestamp": "2026-04-09T23:04:23.482805", "level": "INFO", "logger": "etl_pipeline", "message": "Realizando joins enriquecidos", "module": "(unknown file)", "function": null, "line": 0}
{"timestamp": "2026-04-09T23:04:23.556025", "level": "INFO", "logger": "etl_pipeline", "message": "Calculando métricas de comportamiento", "module": "(unknown file)", "function": null, "line": 0}
{"timestamp": "2026-04-09T23:04:24.640166", "level": "INFO", "logger": "etl_pipeline", "message": "Detección de Delta finalizada", "module": "(unknown file)", "function": null, "line": 0, "total_recibido": 100000, "nuevos_detectados": 0, "omitidos": 100000}
{"timestamp": "2026-04-09T23:04:24.644487", "level": "INFO", "logger": "etl_pipeline", "message": "⏩ Bloque 19 omitido (todos los registros ya existen).", "module": "(unknown file)", "function": null, "line": 0}
{"timestamp": "2026-04-09T23:04:24.786089", "level": "INFO", "logger": "etl_pipeline", "message": "Chunk cargado a memoria", "module": "(unknown file)", "function": null, "line": 0, "index": 20, "rows": 100000}
{"timestamp": "2026-04-09T23:04:24.790226", "level": "INFO", "logger": "etl_pipeline", "message": "--- Procesando Bloque 20 ---", "module": "(unknown file)", "function": null, "line": 0}
{"timestamp": "2026-04-09T23:04:41.209381", "level": "INFO", "logger": "etl_pipeline", "message": "Realizando joins enriquecidos", "module": "(unknown file)", "function": null, "line": 0}
{"timestamp": "2026-04-09T23:04:41.281610", "level": "INFO", "logger": "etl_pipeline", "message": "Calculando métricas de comportamiento", "module": "(unknown file)", "function": null, "line": 0}
{"timestamp": "2026-04-09T23:04:42.386763", "level": "INFO", "logger": "etl_pipeline", "message": "Detección de Delta finalizada", "module": "(unknown file)", "function": null, "line": 0, "total_recibido": 100000, "nuevos_detectados": 0, "omitidos": 100000}
{"timestamp": "2026-04-09T23:04:42.391303", "level": "INFO", "logger": "etl_pipeline", "message": "⏩ Bloque 20 omitido (todos los registros ya existen).", "module": "(unknown file)", "function": null, "line": 0}
{"timestamp": "2026-04-09T23:04:42.531811", "level": "INFO", "logger": "etl_pipeline", "message": "Chunk cargado a memoria", "module": "(unknown file)", "function": null, "line": 0, "index": 21, "rows": 100000}
{"timestamp": "2026-04-09T23:04:42.535335", "level": "INFO", "logger": "etl_pipeline", "message": "--- Procesando Bloque 21 ---", "module": "(unknown file)", "function": null, "line": 0}
{"timestamp": "2026-04-09T23:04:59.326778", "level": "INFO", "logger": "etl_pipeline", "message": "Realizando joins enriquecidos", "module": "(unknown file)", "function": null, "line": 0}
{"timestamp": "2026-04-09T23:04:59.395834", "level": "INFO", "logger": "etl_pipeline", "message": "Calculando métricas de comportamiento", "module": "(unknown file)", "function": null, "line": 0}
{"timestamp": "2026-04-09T23:05:00.489440", "level": "INFO", "logger": "etl_pipeline", "message": "Detección de Delta finalizada", "module": "(unknown file)", "function": null, "line": 0, "total_recibido": 100000, "nuevos_detectados": 0, "omitidos": 100000}
{"timestamp": "2026-04-09T23:05:00.495621", "level": "INFO", "logger": "etl_pipeline", "message": "⏩ Bloque 21 omitido (todos los registros ya existen).", "module": "(unknown file)", "function": null, "line": 0}
{"timestamp": "2026-04-09T23:05:00.630803", "level": "INFO", "logger": "etl_pipeline", "message": "Chunk cargado a memoria", "module": "(unknown file)", "function": null, "line": 0, "index": 22, "rows": 100000}
{"timestamp": "2026-04-09T23:05:00.633963", "level": "INFO", "logger": "etl_pipeline", "message": "--- Procesando Bloque 22 ---", "module": "(unknown file)", "function": null, "line": 0}
{"timestamp": "2026-04-09T23:05:16.485060", "level": "INFO", "logger": "etl_pipeline", "message": "Realizando joins enriquecidos", "module": "(unknown file)", "function": null, "line": 0}
{"timestamp": "2026-04-09T23:05:16.554904", "level": "INFO", "logger": "etl_pipeline", "message": "Calculando métricas de comportamiento", "module": "(unknown file)", "function": null, "line": 0}
{"timestamp": "2026-04-09T23:05:17.682676", "level": "INFO", "logger": "etl_pipeline", "message": "Detección de Delta finalizada", "module": "(unknown file)", "function": null, "line": 0, "total_recibido": 100000, "nuevos_detectados": 0, "omitidos": 100000}
{"timestamp": "2026-04-09T23:05:17.687878", "level": "INFO", "logger": "etl_pipeline", "message": "⏩ Bloque 22 omitido (todos los registros ya existen).", "module": "(unknown file)", "function": null, "line": 0}
{"timestamp": "2026-04-09T23:05:17.829422", "level": "INFO", "logger": "etl_pipeline", "message": "Chunk cargado a memoria", "module": "(unknown file)", "function": null, "line": 0, "index": 23, "rows": 100000}
{"timestamp": "2026-04-09T23:05:17.832886", "level": "INFO", "logger": "etl_pipeline", "message": "--- Procesando Bloque 23 ---", "module": "(unknown file)", "function": null, "line": 0}
